<?xml version="1.0" encoding="UTF-8"?>
<!-- Generated by org.testng.reporters.JUnitReportReporter -->
<testsuite hostname="USGURDEEP09" failures="0" tests="1" name="apiTest.postOperation" time="1.630" errors="0" timestamp="2022-04-13T07:05:06 IST" skipped="0">
  <testcase classname="apiTest.postOperation" name="test_03" time="1.630"/>
  <system-out/>
</testsuite> <!-- apiTest.postOperation -->
