<?xml version="1.0" encoding="UTF-8"?>
<!-- Generated by org.testng.reporters.JUnitReportReporter -->
<testsuite hostname="USGURDEEP09" failures="0" tests="2" name="apiTest.getOperation" time="3.211" errors="0" timestamp="2022-04-13T07:02:04 IST" skipped="0">
  <testcase classname="apiTest.getOperation" name="test_02" time="1.212"/>
  <system-out/>
  <testcase classname="apiTest.getOperation" name="test_01" time="1.999"/>
  <system-out/>
</testsuite> <!-- apiTest.getOperation -->
