<?xml version="1.0" encoding="UTF-8"?>
<!-- Generated by org.testng.reporters.JUnitReportReporter -->
<testsuite hostname="USGURDEEP09" failures="0" tests="3" name="apiTest.getOperation" time="4.321" errors="0" timestamp="2022-04-13T12:14:27 IST" skipped="0">
  <testcase classname="apiTest.getOperation" name="test_3" time="0.829"/>
  <system-out/>
  <testcase classname="apiTest.getOperation" name="test_1" time="2.266"/>
  <system-out/>
  <testcase classname="apiTest.getOperation" name="test_2" time="1.226"/>
  <system-out/>
</testsuite> <!-- apiTest.getOperation -->
