<?xml version="1.0" encoding="UTF-8"?>
<!-- Generated by org.testng.reporters.JUnitReportReporter -->
<testsuite hostname="USGURDEEP09" failures="0" tests="1" name="apiTest.postOperation" time="3.745" errors="0" timestamp="2022-04-13T12:15:29 IST" skipped="0">
  <testcase classname="apiTest.postOperation" name="test_05" time="3.745"/>
  <system-out/>
</testsuite> <!-- apiTest.postOperation -->
